{
  "RSpec": {
    "coverage": {
      "/Users/christopherwand/development/turf_cutter/app/models/user.rb": [
        1,
        null,
        null,
        1,
        null,
        null
      ],
      "/Users/christopherwand/development/turf_cutter/app/models/list_membership.rb": [
        1,
        1,
        1,
        null
      ],
      "/Users/christopherwand/development/turf_cutter/app/models/list.rb": [
        1,
        1,
        1,
        1,
        null
      ],
      "/Users/christopherwand/development/turf_cutter/app/models/search.rb": [
        1,
        1,
        23,
        null,
        null,
        1,
        7,
        null,
        null,
        1,
        null,
        1,
        null,
        18,
        null,
        null,
        null,
        null,
        null,
        null,
        null,
        null,
        null,
        1,
        18,
        18,
        126,
        18,
        18,
        null,
        0,
        null,
        null,
        18,
        null,
        null
      ],
      "/Users/christopherwand/development/turf_cutter/app/models/voter.rb": [
        1,
        1,
        177,
        null,
        null,
        1,
        1,
        1,
        1,
        1,
        null
      ],
      "/Users/christopherwand/development/turf_cutter/app/controllers/application_controller.rb": [
        1,
        null,
        null,
        1,
        null
      ],
      "/Users/christopherwand/development/turf_cutter/app/controllers/homes_controller.rb": [
        1,
        1,
        null,
        null
      ],
      "/Users/christopherwand/development/turf_cutter/app/controllers/searches_controller.rb": [
        1,
        1,
        7,
        null,
        null,
        1,
        7,
        7,
        null,
        1,
        null,
        1,
        null,
        5,
        null,
        7,
        null,
        null,
        1,
        7,
        7,
        null,
        null,
        1,
        null,
        1,
        7,
        null,
        null,
        null,
        null,
        null,
        null,
        null,
        null,
        null,
        null
      ],
      "/Users/christopherwand/development/turf_cutter/app/controllers/lists_controller.rb": [
        1,
        1,
        4,
        4,
        4,
        3,
        30,
        null,
        3,
        3,
        null,
        1,
        1,
        1,
        null,
        null,
        null,
        1,
        5,
        null,
        null,
        1,
        null,
        1,
        4,
        null,
        null
      ],
      "/Users/christopherwand/development/turf_cutter/app/controllers/voters_controller.rb": [
        1,
        1,
        3,
        3,
        3,
        4,
        null,
        null,
        1,
        2,
        null,
        null,
        1,
        2,
        2,
        1,
        1,
        null,
        1,
        1,
        1,
        null,
        null,
        null,
        1,
        3,
        null,
        null,
        1,
        2,
        2,
        1,
        1,
        1,
        null,
        1,
        1,
        null,
        null,
        null,
        1,
        1,
        1,
        1,
        null,
        null,
        1,
        null,
        1,
        4,
        null,
        null,
        null,
        null,
        null,
        null,
        null,
        null,
        null,
        null
      ],
      "/Users/christopherwand/development/turf_cutter/app/controllers/list_memberships_controller.rb": [
        1,
        1,
        1,
        1,
        1,
        null,
        null,
        1,
        1,
        1,
        1,
        1,
        1,
        null,
        null,
        1,
        null,
        1,
        1,
        null,
        null
      ]
    },
    "timestamp": 1421077507
  }
}
